[debug] [2019-05-21T08:22:20.159Z] ----------------------------------------------------------------------
[debug] [2019-05-21T08:22:20.160Z] Command:       /usr/local/Cellar/node/12.1.0/bin/node /usr/local/bin/firebase deploy --only functions
[debug] [2019-05-21T08:22:20.161Z] CLI Version:   6.7.2
[debug] [2019-05-21T08:22:20.161Z] Platform:      darwin
[debug] [2019-05-21T08:22:20.161Z] Node Version:  v12.1.0
[debug] [2019-05-21T08:22:20.162Z] Time:          Tue May 21 2019 09:22:20 GMT+0100 (Hora de verão da Europa Ocidental)
[debug] [2019-05-21T08:22:20.162Z] ----------------------------------------------------------------------
[debug] 
[debug] [2019-05-21T08:22:20.174Z] > command requires scopes: ["email","openid","https://www.googleapis.com/auth/cloudplatformprojects.readonly","https://www.googleapis.com/auth/firebase","https://www.googleapis.com/auth/cloud-platform"]
[debug] [2019-05-21T08:22:20.175Z] > authorizing via signed-in user
[debug] [2019-05-21T08:22:20.175Z] [iam] checking project vouga-720eb for permissions ["cloudfunctions.functions.create","cloudfunctions.functions.delete","cloudfunctions.functions.get","cloudfunctions.functions.list","cloudfunctions.functions.update","cloudfunctions.operations.get","firebase.projects.get"]
[debug] [2019-05-21T08:22:20.176Z] >>> HTTP REQUEST POST https://cloudresourcemanager.googleapis.com/v1/projects/vouga-720eb:testIamPermissions  

[debug] [2019-05-21T08:22:21.086Z] <<< HTTP RESPONSE 200
[info] 
[info] === Deploying to 'vouga-720eb'...
[info] 
[info] i  deploying functions
[debug] [2019-05-21T08:22:22.312Z] > [functions] package.json contents: {
  "name": "functions",
  "description": "Cloud Functions for Firebase",
  "scripts": {
    "serve": "firebase serve --only functions",
    "shell": "firebase functions:shell",
    "start": "npm run shell",
    "deploy": "firebase deploy --only functions",
    "logs": "firebase functions:log"
  },
  "dependencies": {
    "child-process-promise": "^2.2.0",
    "firebase-admin": "~7.0.0",
    "firebase-functions": "^2.2.0"
  },
  "private": true
}
[info] i  functions: ensuring necessary APIs are enabled...
[debug] [2019-05-21T08:22:22.313Z] >>> HTTP REQUEST GET https://servicemanagement.googleapis.com/v1/services/cloudfunctions.googleapis.com/projectSettings/vouga-720eb?view=CONSUMER_VIEW  
 
[debug] [2019-05-21T08:22:22.314Z] >>> HTTP REQUEST GET https://servicemanagement.googleapis.com/v1/services/runtimeconfig.googleapis.com/projectSettings/vouga-720eb?view=CONSUMER_VIEW  
 
[debug] [2019-05-21T08:22:23.805Z] <<< HTTP RESPONSE 200
[debug] [2019-05-21T08:22:23.841Z] <<< HTTP RESPONSE 200
[info] ✔  functions: all necessary APIs are enabled
[debug] [2019-05-21T08:22:23.842Z] >>> HTTP REQUEST GET https://cloudresourcemanager.googleapis.com/v1/projects/vouga-720eb  
 
[debug] [2019-05-21T08:22:24.964Z] <<< HTTP RESPONSE 200
[debug] [2019-05-21T08:22:24.964Z] >>> HTTP REQUEST GET https://mobilesdk-pa.googleapis.com/v1/projects/632238300092:getServerAppConfig  
 
[debug] [2019-05-21T08:22:25.434Z] <<< HTTP RESPONSE 200
[info] i  functions: preparing functions directory for uploading...
[debug] [2019-05-21T08:22:25.437Z] >>> HTTP REQUEST GET https://runtimeconfig.googleapis.com/v1beta1/projects/vouga-720eb/configs  
 
[debug] [2019-05-21T08:22:26.436Z] <<< HTTP RESPONSE 200
[info] i  functions: packaged functions (29.87 KB) for uploading
[debug] [2019-05-21T08:22:26.629Z] >>> HTTP REQUEST POST https://cloudfunctions.googleapis.com/v1/projects/vouga-720eb/locations/us-central1/functions:generateUploadUrl  
 
[debug] [2019-05-21T08:22:27.281Z] <<< HTTP RESPONSE 200
[debug] [2019-05-21T08:22:27.282Z] >>> HTTP REQUEST PUT https://storage.googleapis.com/gcf-upload-us-central1-a9ff51d3-d9b7-4f8e-883e-156e55608160/9b0166b8-1d85-412a-9386-258e4f15075a.zip?GoogleAccessId=service-632238300092@gcf-admin-robot.iam.gserviceaccount.com&Expires=1558428747&Signature=Q9r00rtzvi3o6etrBEc7BZGSG87BkleXSnmKzSEAl4hK34M27qjW6%2BrxxqKsOh2%2Bj53rRlcvzp7SknUCTYiexYu9r7APfyFw1I16NovTvg%2BwkrIuajAaIQjRAjCuqL27OyZvrqvdvQolm40psFnOSFKrLEKKoU%2B9Wafd%2FOATmuxkFAarnercFgrxLmAQ%2FGikRU6pXMP3fkTAamFEUiAg4FGp8Js0z2o5I7uTC9ulXEhNuNnBtkfTclYp9U6Mw0CCY5qR04Kpd1EvmpIjB8psqDA3K6M6wDkKT4iRID4obhQ93mEyMznleL5snFU9Ft5zx7PRTXEI6HSHayKiVrDTVw%3D%3D  

[debug] [2019-05-21T08:22:27.780Z] <<< HTTP RESPONSE 200
[info] ✔  functions: functions folder uploaded successfully
[debug] [2019-05-21T08:22:27.783Z] >>> HTTP REQUEST GET https://cloudfunctions.googleapis.com/v1/projects/vouga-720eb/locations/-/functions  
 
[debug] [2019-05-21T08:22:28.285Z] <<< HTTP RESPONSE 200
[info] i  functions: creating Node.js 6 function generateThumbnail(us-central1)...
[debug] [2019-05-21T08:22:28.287Z] Trigger is:  {"eventTrigger":{"resource":"projects/_/buckets/vouga-720eb.appspot.com","eventType":"google.storage.object.finalize","service":"storage.googleapis.com"}}
[info] i  functions: updating Node.js 8 function addWelcomeMessages(us-central1)...
[debug] [2019-05-21T08:22:28.289Z] Trigger is:  {"eventTrigger":{"resource":"projects/vouga-720eb","eventType":"providers/firebase.auth/eventTypes/user.create","service":"firebaseauth.googleapis.com"}}
[debug] [2019-05-21T08:22:28.290Z] >>> HTTP REQUEST GET https://servicemanagement.googleapis.com/v1/services/cloudscheduler.googleapis.com/projectSettings/vouga-720eb?view=CONSUMER_VIEW  
 
[debug] [2019-05-21T08:22:29.691Z] <<< HTTP RESPONSE 200
[debug] [2019-05-21T08:22:29.694Z] >>> HTTP REQUEST POST https://cloudfunctions.googleapis.com/v1/projects/vouga-720eb/locations/us-central1/functions  

[debug] [2019-05-21T08:22:29.695Z] >>> HTTP REQUEST PATCH https://cloudfunctions.googleapis.com/v1/projects/vouga-720eb/locations/us-central1/functions/addWelcomeMessages {"updateMask":"sourceUploadUrl,name,labels,eventTrigger.resource,eventTrigger.eventType,eventTrigger.service"} 

[debug] [2019-05-21T08:22:30.191Z] <<< HTTP RESPONSE 200
[debug] [2019-05-21T08:22:30.214Z] <<< HTTP RESPONSE 200
[debug] [2019-05-21T08:22:30.216Z] >>> HTTP REQUEST GET https://cloudfunctions.googleapis.com/v1/operations/dm91Z2EtNzIwZWIvdXMtY2VudHJhbDEvZ2VuZXJhdGVUaHVtYm5haWwva3pXYWN6VlNsWW8  
 
[debug] [2019-05-21T08:22:30.217Z] >>> HTTP REQUEST GET https://cloudfunctions.googleapis.com/v1/operations/dm91Z2EtNzIwZWIvdXMtY2VudHJhbDEvYWRkV2VsY29tZU1lc3NhZ2VzL21EcktzRGNtNUVz  
 
[debug] [2019-05-21T08:22:30.469Z] <<< HTTP RESPONSE 200
[debug] [2019-05-21T08:22:30.476Z] <<< HTTP RESPONSE 200
[debug] [2019-05-21T08:22:32.474Z] >>> HTTP REQUEST GET https://cloudfunctions.googleapis.com/v1/operations/dm91Z2EtNzIwZWIvdXMtY2VudHJhbDEvZ2VuZXJhdGVUaHVtYm5haWwva3pXYWN6VlNsWW8  
 
[debug] [2019-05-21T08:22:32.477Z] >>> HTTP REQUEST GET https://cloudfunctions.googleapis.com/v1/operations/dm91Z2EtNzIwZWIvdXMtY2VudHJhbDEvYWRkV2VsY29tZU1lc3NhZ2VzL21EcktzRGNtNUVz  
 
[debug] [2019-05-21T08:22:32.721Z] <<< HTTP RESPONSE 200
[debug] [2019-05-21T08:22:32.729Z] <<< HTTP RESPONSE 200
[debug] [2019-05-21T08:22:34.727Z] >>> HTTP REQUEST GET https://cloudfunctions.googleapis.com/v1/operations/dm91Z2EtNzIwZWIvdXMtY2VudHJhbDEvZ2VuZXJhdGVUaHVtYm5haWwva3pXYWN6VlNsWW8  
 
[debug] [2019-05-21T08:22:34.729Z] >>> HTTP REQUEST GET https://cloudfunctions.googleapis.com/v1/operations/dm91Z2EtNzIwZWIvdXMtY2VudHJhbDEvYWRkV2VsY29tZU1lc3NhZ2VzL21EcktzRGNtNUVz  
 
[debug] [2019-05-21T08:22:34.977Z] <<< HTTP RESPONSE 200
[debug] [2019-05-21T08:22:35.107Z] <<< HTTP RESPONSE 200
[debug] [2019-05-21T08:22:36.977Z] >>> HTTP REQUEST GET https://cloudfunctions.googleapis.com/v1/operations/dm91Z2EtNzIwZWIvdXMtY2VudHJhbDEvZ2VuZXJhdGVUaHVtYm5haWwva3pXYWN6VlNsWW8  
 
[debug] [2019-05-21T08:22:37.111Z] >>> HTTP REQUEST GET https://cloudfunctions.googleapis.com/v1/operations/dm91Z2EtNzIwZWIvdXMtY2VudHJhbDEvYWRkV2VsY29tZU1lc3NhZ2VzL21EcktzRGNtNUVz  
 
[debug] [2019-05-21T08:22:37.230Z] <<< HTTP RESPONSE 200
[debug] [2019-05-21T08:22:37.356Z] <<< HTTP RESPONSE 200
[debug] [2019-05-21T08:22:39.231Z] >>> HTTP REQUEST GET https://cloudfunctions.googleapis.com/v1/operations/dm91Z2EtNzIwZWIvdXMtY2VudHJhbDEvZ2VuZXJhdGVUaHVtYm5haWwva3pXYWN6VlNsWW8  
 
[debug] [2019-05-21T08:22:39.361Z] >>> HTTP REQUEST GET https://cloudfunctions.googleapis.com/v1/operations/dm91Z2EtNzIwZWIvdXMtY2VudHJhbDEvYWRkV2VsY29tZU1lc3NhZ2VzL21EcktzRGNtNUVz  
 
[debug] [2019-05-21T08:22:39.716Z] <<< HTTP RESPONSE 200
[debug] [2019-05-21T08:22:39.739Z] <<< HTTP RESPONSE 200
[debug] [2019-05-21T08:22:41.716Z] >>> HTTP REQUEST GET https://cloudfunctions.googleapis.com/v1/operations/dm91Z2EtNzIwZWIvdXMtY2VudHJhbDEvYWRkV2VsY29tZU1lc3NhZ2VzL21EcktzRGNtNUVz  
 
[debug] [2019-05-21T08:22:41.744Z] >>> HTTP REQUEST GET https://cloudfunctions.googleapis.com/v1/operations/dm91Z2EtNzIwZWIvdXMtY2VudHJhbDEvZ2VuZXJhdGVUaHVtYm5haWwva3pXYWN6VlNsWW8  
 
[debug] [2019-05-21T08:22:42.305Z] <<< HTTP RESPONSE 200
[debug] [2019-05-21T08:22:42.306Z] <<< HTTP RESPONSE 200
[debug] [2019-05-21T08:22:44.306Z] >>> HTTP REQUEST GET https://cloudfunctions.googleapis.com/v1/operations/dm91Z2EtNzIwZWIvdXMtY2VudHJhbDEvZ2VuZXJhdGVUaHVtYm5haWwva3pXYWN6VlNsWW8  
 
[debug] [2019-05-21T08:22:44.307Z] >>> HTTP REQUEST GET https://cloudfunctions.googleapis.com/v1/operations/dm91Z2EtNzIwZWIvdXMtY2VudHJhbDEvYWRkV2VsY29tZU1lc3NhZ2VzL21EcktzRGNtNUVz  
 
[debug] [2019-05-21T08:22:44.553Z] <<< HTTP RESPONSE 200
[debug] [2019-05-21T08:22:44.559Z] <<< HTTP RESPONSE 200
[debug] [2019-05-21T08:22:46.555Z] >>> HTTP REQUEST GET https://cloudfunctions.googleapis.com/v1/operations/dm91Z2EtNzIwZWIvdXMtY2VudHJhbDEvZ2VuZXJhdGVUaHVtYm5haWwva3pXYWN6VlNsWW8  
 
[debug] [2019-05-21T08:22:46.560Z] >>> HTTP REQUEST GET https://cloudfunctions.googleapis.com/v1/operations/dm91Z2EtNzIwZWIvdXMtY2VudHJhbDEvYWRkV2VsY29tZU1lc3NhZ2VzL21EcktzRGNtNUVz  
 
[debug] [2019-05-21T08:22:46.802Z] <<< HTTP RESPONSE 200
[debug] [2019-05-21T08:22:46.834Z] <<< HTTP RESPONSE 200
[debug] [2019-05-21T08:22:48.803Z] >>> HTTP REQUEST GET https://cloudfunctions.googleapis.com/v1/operations/dm91Z2EtNzIwZWIvdXMtY2VudHJhbDEvYWRkV2VsY29tZU1lc3NhZ2VzL21EcktzRGNtNUVz  
 
[debug] [2019-05-21T08:22:48.835Z] >>> HTTP REQUEST GET https://cloudfunctions.googleapis.com/v1/operations/dm91Z2EtNzIwZWIvdXMtY2VudHJhbDEvZ2VuZXJhdGVUaHVtYm5haWwva3pXYWN6VlNsWW8  
 
[debug] [2019-05-21T08:22:49.055Z] <<< HTTP RESPONSE 200
[debug] [2019-05-21T08:22:49.090Z] <<< HTTP RESPONSE 200
[warn] ⚠  functions[generateThumbnail(us-central1)]: Deployment error.
[info] Function failed on loading user code. Error message: Code in file index.js can't be loaded.
Is there a syntax error in your code?
Detailed stack trace: /user_code/index.js:12
exports.addWelcomeMessages = functions.auth.user().onCreate(async user => {
                                                            ^^^^^

SyntaxError: missing ) after argument list
    at createScript (vm.js:56:10)
    at Object.runInThisContext (vm.js:97:10)
    at Module._compile (module.js:549:28)
    at Object.Module._extensions..js (module.js:586:10)
    at Module.load (module.js:494:32)
    at tryModuleLoad (module.js:453:12)
    at Function.Module._load (module.js:445:3)
    at Module.require (module.js:504:17)
    at require (internal/module.js:20:19)
    at getUserFunction (/var/tmp/worker/worker.js:439:24)
[debug] [2019-05-21T08:22:51.056Z] >>> HTTP REQUEST GET https://cloudfunctions.googleapis.com/v1/operations/dm91Z2EtNzIwZWIvdXMtY2VudHJhbDEvYWRkV2VsY29tZU1lc3NhZ2VzL21EcktzRGNtNUVz  
 
[debug] [2019-05-21T08:22:51.300Z] <<< HTTP RESPONSE 200
[debug] [2019-05-21T08:22:53.302Z] >>> HTTP REQUEST GET https://cloudfunctions.googleapis.com/v1/operations/dm91Z2EtNzIwZWIvdXMtY2VudHJhbDEvYWRkV2VsY29tZU1lc3NhZ2VzL21EcktzRGNtNUVz  
 
[debug] [2019-05-21T08:22:53.550Z] <<< HTTP RESPONSE 200
[debug] [2019-05-21T08:22:55.556Z] >>> HTTP REQUEST GET https://cloudfunctions.googleapis.com/v1/operations/dm91Z2EtNzIwZWIvdXMtY2VudHJhbDEvYWRkV2VsY29tZU1lc3NhZ2VzL21EcktzRGNtNUVz  
 
[debug] [2019-05-21T08:22:56.020Z] <<< HTTP RESPONSE 200
[debug] [2019-05-21T08:22:58.024Z] >>> HTTP REQUEST GET https://cloudfunctions.googleapis.com/v1/operations/dm91Z2EtNzIwZWIvdXMtY2VudHJhbDEvYWRkV2VsY29tZU1lc3NhZ2VzL21EcktzRGNtNUVz  
 
[debug] [2019-05-21T08:22:58.461Z] <<< HTTP RESPONSE 200
[debug] [2019-05-21T08:23:00.463Z] >>> HTTP REQUEST GET https://cloudfunctions.googleapis.com/v1/operations/dm91Z2EtNzIwZWIvdXMtY2VudHJhbDEvYWRkV2VsY29tZU1lc3NhZ2VzL21EcktzRGNtNUVz  
 
[debug] [2019-05-21T08:23:00.709Z] <<< HTTP RESPONSE 200
[debug] [2019-05-21T08:23:02.713Z] >>> HTTP REQUEST GET https://cloudfunctions.googleapis.com/v1/operations/dm91Z2EtNzIwZWIvdXMtY2VudHJhbDEvYWRkV2VsY29tZU1lc3NhZ2VzL21EcktzRGNtNUVz  
 
[debug] [2019-05-21T08:23:02.954Z] <<< HTTP RESPONSE 200
[debug] [2019-05-21T08:23:04.958Z] >>> HTTP REQUEST GET https://cloudfunctions.googleapis.com/v1/operations/dm91Z2EtNzIwZWIvdXMtY2VudHJhbDEvYWRkV2VsY29tZU1lc3NhZ2VzL21EcktzRGNtNUVz  
 
[debug] [2019-05-21T08:23:05.198Z] <<< HTTP RESPONSE 200
[debug] [2019-05-21T08:23:07.204Z] >>> HTTP REQUEST GET https://cloudfunctions.googleapis.com/v1/operations/dm91Z2EtNzIwZWIvdXMtY2VudHJhbDEvYWRkV2VsY29tZU1lc3NhZ2VzL21EcktzRGNtNUVz  
 
[debug] [2019-05-21T08:23:07.437Z] <<< HTTP RESPONSE 200
[debug] [2019-05-21T08:23:09.441Z] >>> HTTP REQUEST GET https://cloudfunctions.googleapis.com/v1/operations/dm91Z2EtNzIwZWIvdXMtY2VudHJhbDEvYWRkV2VsY29tZU1lc3NhZ2VzL21EcktzRGNtNUVz  
 
[debug] [2019-05-21T08:23:09.681Z] <<< HTTP RESPONSE 200
[debug] [2019-05-21T08:23:11.683Z] >>> HTTP REQUEST GET https://cloudfunctions.googleapis.com/v1/operations/dm91Z2EtNzIwZWIvdXMtY2VudHJhbDEvYWRkV2VsY29tZU1lc3NhZ2VzL21EcktzRGNtNUVz  
 
[debug] [2019-05-21T08:23:12.163Z] <<< HTTP RESPONSE 200
[debug] [2019-05-21T08:23:14.168Z] >>> HTTP REQUEST GET https://cloudfunctions.googleapis.com/v1/operations/dm91Z2EtNzIwZWIvdXMtY2VudHJhbDEvYWRkV2VsY29tZU1lc3NhZ2VzL21EcktzRGNtNUVz  
 
[debug] [2019-05-21T08:23:14.480Z] <<< HTTP RESPONSE 200
[debug] [2019-05-21T08:23:16.482Z] >>> HTTP REQUEST GET https://cloudfunctions.googleapis.com/v1/operations/dm91Z2EtNzIwZWIvdXMtY2VudHJhbDEvYWRkV2VsY29tZU1lc3NhZ2VzL21EcktzRGNtNUVz  
 
[debug] [2019-05-21T08:23:16.768Z] <<< HTTP RESPONSE 200
[debug] [2019-05-21T08:23:18.772Z] >>> HTTP REQUEST GET https://cloudfunctions.googleapis.com/v1/operations/dm91Z2EtNzIwZWIvdXMtY2VudHJhbDEvYWRkV2VsY29tZU1lc3NhZ2VzL21EcktzRGNtNUVz  
 
[debug] [2019-05-21T08:23:19.009Z] <<< HTTP RESPONSE 200
[debug] [2019-05-21T08:23:21.012Z] >>> HTTP REQUEST GET https://cloudfunctions.googleapis.com/v1/operations/dm91Z2EtNzIwZWIvdXMtY2VudHJhbDEvYWRkV2VsY29tZU1lc3NhZ2VzL21EcktzRGNtNUVz  
 
[debug] [2019-05-21T08:23:21.262Z] <<< HTTP RESPONSE 200
[debug] [2019-05-21T08:23:23.264Z] >>> HTTP REQUEST GET https://cloudfunctions.googleapis.com/v1/operations/dm91Z2EtNzIwZWIvdXMtY2VudHJhbDEvYWRkV2VsY29tZU1lc3NhZ2VzL21EcktzRGNtNUVz  
 
[debug] [2019-05-21T08:23:23.509Z] <<< HTTP RESPONSE 200
[debug] [2019-05-21T08:23:25.515Z] >>> HTTP REQUEST GET https://cloudfunctions.googleapis.com/v1/operations/dm91Z2EtNzIwZWIvdXMtY2VudHJhbDEvYWRkV2VsY29tZU1lc3NhZ2VzL21EcktzRGNtNUVz  
 
[debug] [2019-05-21T08:23:25.779Z] <<< HTTP RESPONSE 200
[debug] [2019-05-21T08:23:27.784Z] >>> HTTP REQUEST GET https://cloudfunctions.googleapis.com/v1/operations/dm91Z2EtNzIwZWIvdXMtY2VudHJhbDEvYWRkV2VsY29tZU1lc3NhZ2VzL21EcktzRGNtNUVz  
 
[debug] [2019-05-21T08:23:28.185Z] <<< HTTP RESPONSE 200
[debug] [2019-05-21T08:23:30.191Z] >>> HTTP REQUEST GET https://cloudfunctions.googleapis.com/v1/operations/dm91Z2EtNzIwZWIvdXMtY2VudHJhbDEvYWRkV2VsY29tZU1lc3NhZ2VzL21EcktzRGNtNUVz  
 
